<?xml version="1.0" encoding="UTF-8"?>
<!-- Generated by org.testng.reporters.JUnitXMLReporter -->
<testsuite hostname="bogdan" ignored="0" tests="6" failures="0" timestamp="16 Feb 2018 09:59:48 GMT" time="0.117" errors="0">
  <testcase name="saveMessage" time="0.07" classname="PersistenceTest"/>
  <testcase name="testSaveRanking" time="0.024" classname="PersistenceTest"/>
  <testcase name="testModelCreation" time="0.001" classname="PersistenceTest"/>
  <testcase name="testSavePerson" time="0.004" classname="PersistenceTest"/>
  <testcase name="testSaveSkill" time="0.004" classname="PersistenceTest"/>
  <testcase name="readMessage" time="0.005" classname="PersistenceTest"/>
</testsuite>
